<?xml version="1.0" encoding="UTF-8"?>
<testsuite name="com.gym.notification.service.PushTokenServiceTest" tests="18" skipped="0" failures="0" errors="0" timestamp="2026-03-19T13:59:29" hostname="LAPTOP-9B321H6L" time="1.606">
  <properties/>
  <testcase name="testDeactivateToken_TokenNotFound()" classname="com.gym.notification.service.PushTokenServiceTest" time="1.512"/>
  <testcase name="testRegisterToken_NewToken_Success()" classname="com.gym.notification.service.PushTokenServiceTest" time="0.022"/>
  <testcase name="testRegisterToken_ExistingInactiveToken_Reactivates()" classname="com.gym.notification.service.PushTokenServiceTest" time="0.005"/>
  <testcase name="testGetTokensForUser_Success()" classname="com.gym.notification.service.PushTokenServiceTest" time="0.008"/>
  <testcase name="testGetTokensForUser_EmptyList()" classname="com.gym.notification.service.PushTokenServiceTest" time="0.003"/>
  <testcase name="testDeleteToken_Success()" classname="com.gym.notification.service.PushTokenServiceTest" time="0.004"/>
  <testcase name="testDeleteAllTokensForUser_Success()" classname="com.gym.notification.service.PushTokenServiceTest" time="0.003"/>
  <testcase name="testRegisterToken_BlankToken()" classname="com.gym.notification.service.PushTokenServiceTest" time="0.004"/>
  <testcase name="testDeactivateToken_UnauthorizedUser()" classname="com.gym.notification.service.PushTokenServiceTest" time="0.002"/>
  <testcase name="testGetActiveTokens_FiltersInactiveTokens()" classname="com.gym.notification.service.PushTokenServiceTest" time="0.004"/>
  <testcase name="testDeactivateToken_Success()" classname="com.gym.notification.service.PushTokenServiceTest" time="0.004"/>
  <testcase name="testGetActiveTokens_Success()" classname="com.gym.notification.service.PushTokenServiceTest" time="0.002"/>
  <testcase name="testRegisterToken_NullDeviceType()" classname="com.gym.notification.service.PushTokenServiceTest" time="0.002"/>
  <testcase name="testGetActiveTokensByDeviceType_Success()" classname="com.gym.notification.service.PushTokenServiceTest" time="0.003"/>
  <testcase name="testGetActiveTokensByDeviceType_EmptyList()" classname="com.gym.notification.service.PushTokenServiceTest" time="0.002"/>
  <testcase name="testRegisterToken_ExistingActiveToken_UpdatesLastUsedAt()" classname="com.gym.notification.service.PushTokenServiceTest" time="0.003"/>
  <testcase name="testRegisterToken_NullUserId()" classname="com.gym.notification.service.PushTokenServiceTest" time="0.002"/>
  <testcase name="testDeleteToken_UnauthorizedUser()" classname="com.gym.notification.service.PushTokenServiceTest" time="0.003"/>
  <system-out><![CDATA[10:59:30.753 [Test worker] INFO com.gym.notification.service.PushTokenService -- Registering new push token for user 1 with device type android
10:59:30.759 [Test worker] INFO com.gym.notification.service.PushTokenService -- Push token registered successfully for user 1
10:59:30.772 [Test worker] INFO com.gym.notification.service.PushTokenService -- Reactivating push token for user 1
10:59:30.773 [Test worker] INFO com.gym.notification.service.PushTokenService -- Push token registered successfully for user 1
10:59:30.791 [Test worker] INFO com.gym.notification.service.PushTokenService -- Push token deleted for user 1
10:59:30.796 [Test worker] INFO com.gym.notification.service.PushTokenService -- Deleted 2 push tokens for user 1
10:59:30.812 [Test worker] INFO com.gym.notification.service.PushTokenService -- Push token deactivated for user 1
10:59:30.829 [Test worker] INFO com.gym.notification.service.PushTokenService -- Push token registered successfully for user 1
]]></system-out>
  <system-err><![CDATA[]]></system-err>
</testsuite>
